"../../../Engine/Content/Functions/Engine_MaterialFunctions01/Opacity/CameraDepthFade.uasset" 0
"../../../Engine/Content/EngineMaterials/T_Default_Material_Grid_M.uasset" 1
"../../../Engine/Content/EngineMaterials/T_Default_Material_Grid_N.uasset" 2
"../../../Engine/Content/EngineMaterials/DefaultMaterial.uasset" 3
"../../../Engine/Content/EngineMeshes/Cube.uasset" 4
"../../../Engine/Content/EngineMeshes/Cylinder.uasset" 5
"../../../Engine/Content/EngineMeshes/Sphere.uasset" 6
"../../../Engine/Content/BasicShapes/Cylinder.uasset" 7
"../../../Engine/Content/EngineMaterials/WorldGridMaterial.uasset" 8
"../../../Engine/Content/BasicShapes/Plane.uasset" 9
"../../../Engine/Content/EditorLandscapeResources/DataLayer.uasset" 10
"../../../Engine/Content/EditorMaterials/PreviewShadowIndicator.uasset" 11
"../../../Engine/Content/EditorMaterials/PreviewShadowIndicatorMaterial.uasset" 12
"../../../Engine/Content/EditorMaterials/GizmoMaterial.uasset" 13
"../../../Engine/Content/EditorMaterials/MAT_Groups_Toggle.uasset" 14
"../../../Engine/Content/EditorMaterials/MAT_Groups_Visibility.uasset" 15
"../../../Engine/Content/EditorMaterials/AssetViewer/EpicQuadPanorama_CC+EV1.uasset" 16
"../../../Engine/Content/EditorMaterials/MatineeGroups/MAT_Groups_Slomo.uasset" 17
"../../../Engine/Content/EditorMaterials/MatineeGroups/MAT_ColorTrack.uasset" 18
"../../../Engine/Content/EditorMaterials/MatineeGroups/MAT_Groups_Anim.uasset" 19
"../../../Engine/Content/EditorMaterials/MatineeGroups/MAT_Groups_AudioMaster.uasset" 20
"../../../Engine/Content/EditorMaterials/MatineeGroups/MAT_Groups_Director.uasset" 21
"../../../Engine/Content/EditorMaterials/MatineeGroups/MAT_Groups_Event.uasset" 22
"../../../Engine/Content/EditorMaterials/MatineeGroups/MAT_Groups_Fade.uasset" 23
"../../../Engine/Content/EditorMaterials/MatineeGroups/MAT_Groups_Float.uasset" 24
"../../../Engine/Content/EditorMaterials/MatineeGroups/MAT_Groups_Move.uasset" 25
"../../../Engine/Content/EditorMaterials/MatineeGroups/MAT_Groups_Sound.uasset" 26
"../../../Engine/Content/EditorMaterials/MatineeGroups/MAT_Groups_Vector.uasset" 27
"../../../Engine/Content/EditorMaterials/ParticleSystems/PSysThumbnail_NoImage.uasset" 28
"../../../Engine/Content/EditorMaterials/ParticleSystems/PSysThumbnail_OOD.uasset" 29
"../../../Engine/Content/EditorMaterials/Camera/CineMat.uasset" 30
"../../../Engine/Content/EditorMaterials/Camera/MI_CineMat_Rig.uasset" 31
"../../../Engine/Content/EditorMeshes/Camera/SM_CraneRig_Arm.uasset" 32
"../../../Engine/Content/EditorMeshes/Camera/SM_CraneRig_Base.uasset" 33
"../../../Engine/Content/EditorMeshes/Camera/SM_CraneRig_Body.uasset" 34
"../../../Engine/Content/EditorMeshes/Camera/SM_CraneRig_Mount.uasset" 35
"../../../Engine/Content/EditorMeshes/Camera/SM_RailRig_Mount.uasset" 36
"../../../Engine/Content/EditorMeshes/Camera/SM_RailRig_Track.uasset" 37
"../../../Engine/Content/EditorResources/BSPVertex.uasset" 38
"../../../Engine/Content/EditorResources/EmptyActor.uasset" 39
"../../../Engine/Content/EditorResources/S_Trigger.uasset" 40
"../../../Engine/Content/EditorResources/RGBTable16x1_AssetViewer.uasset" 41
"../../../Engine/Content/EditorResources/S_Actor.uasset" 42
"../../../Engine/Content/EditorResources/AudioIcons/S_AudioComponent.uasset" 43
"../../../Engine/Content/EditorResources/AudioIcons/S_AudioComponent_AutoActivate.uasset" 44
"../../../Engine/Content/EditorResources/LightIcons/S_LightError.uasset" 45
"../../../Engine/Content/EditorSounds/Notifications/CompileFailed.uasset" 46
"../../../Engine/Content/EditorSounds/Notifications/CompileFailed_Cue.uasset" 47
"../../../Engine/Content/EditorSounds/Notifications/CompileSuccess.uasset" 48
"../../../Engine/Content/EditorSounds/Notifications/CompileStart_Cue.uasset" 49
"../../../Engine/Content/EditorSounds/Notifications/CompileSuccess_Cue.uasset" 50
"../../../Engine/Content/EngineDamageTypes/DmgTypeBP_Environmental.uasset" 51
"../../../Engine/Content/EngineDebugMaterials/HeatmapGradient.uasset" 52
"../../../Engine/Content/EngineDebugMaterials/BoneWeightMaterial.uasset" 53
"../../../Engine/Content/EngineDebugMaterials/DebugMeshMaterial.uasset" 54
"../../../Engine/Content/EngineDebugMaterials/GeomMaterial.uasset" 55
"../../../Engine/Content/EngineFonts/Faces/RobotoBold.uasset" 56
"../../../Engine/Content/EngineFonts/Faces/RobotoBoldItalic.uasset" 57
"../../../Engine/Content/EngineFonts/Faces/RobotoItalic.uasset" 58
"../../../Engine/Content/EngineFonts/Faces/RobotoLight.uasset" 59
"../../../Engine/Content/EngineFonts/Faces/RobotoRegular.uasset" 60
"../../../Engine/Content/EngineFonts/Roboto.uasset" 61
"../../../Engine/Content/EngineFonts/Faces/RobotoTiny.uasset" 62
"../../../Engine/Content/EngineFonts/RobotoTiny.uasset" 63
"../../../Engine/Content/EngineMaterials/DefaultBokeh.uasset" 64
"../../../Engine/Content/EngineMaterials/DefaultDiffuse.uasset" 65
"../../../Engine/Content/EngineMaterials/DefaultDeferredDecalMaterial.uasset" 66
"../../../Engine/Content/EngineMaterials/DefaultLightFunctionMaterial.uasset" 67
"../../../Engine/Content/EngineMaterials/RemoveSurfaceMaterial.uasset" 68
"../../../Engine/Content/EngineMaterials/WeightMapPlaceholderTexture.uasset" 69
"../../../Engine/Content/EngineResources/WhiteSquareTexture.uasset" 70
"../../../Engine/Content/EngineMaterials/Widget3DPassThrough.uasset" 71
"../../../Engine/Content/EngineMaterials/Widget3DPassThrough_Masked.uasset" 72
"../../../Engine/Content/EngineMaterials/Widget3DPassThrough_Opaque.uasset" 73
"../../../Engine/Content/EngineMaterials/Widget3DPassThrough_Masked_OneSided.uasset" 74
"../../../Engine/Content/EngineMaterials/Widget3DPassThrough_Opaque_OneSided.uasset" 75
"../../../Engine/Content/EngineMaterials/Widget3DPassThrough_Translucent.uasset" 76
"../../../Engine/Content/EngineMaterials/Widget3DPassThrough_Translucent_OneSided.uasset" 77
"../../../Engine/Content/EngineMaterials/DefaultPhysicalMaterial.uasset" 78
"../../../Engine/Content/Functions/Engine_MaterialFunctions02/Utility/BreakOutFloat2Components.uasset" 79
"../../../Engine/Content/EngineMaterials/DefaultPostProcessMaterial.uasset" 80
"../../../Engine/Content/EngineFonts/RobotoDistanceField.uasset" 81
"../../../Engine/Content/EngineMaterials/DefaultTextMaterialOpaque.uasset" 82
"../../../Engine/Content/EngineMaterials/DefaultWhiteGrid.uasset" 83
"../../../Engine/Content/EngineMaterials/EditorBrushMaterial.uasset" 84
"../../../Engine/Content/EngineMaterials/Good64x64TilingNoiseHighFreq.uasset" 85
"../../../Engine/Content/EngineMaterials/MiniFont.uasset" 86
"../../../Engine/Content/EngineMaterials/InvalidLightmapSettings.uasset" 87
"../../../Engine/Content/EngineMaterials/M_InvalidLightmapSettings.uasset" 88
"../../../Engine/Content/EngineMaterials/PhAT_JointLimitMaterial.uasset" 89
"../../../Engine/Content/EngineMaterials/PreintegratedSkinBRDF.uasset" 90
"../../../Engine/Content/EngineResources/Black.uasset" 91
"../../../Engine/Content/EngineResources/DefaultTexture.uasset" 92
"../../../Engine/Content/EngineResources/DefaultTextureCube.uasset" 93
"../../../Engine/Content/EngineResources/GradientTexture0.uasset" 94
"../../../Engine/Content/EngineSounds/Master.uasset" 95
"../../../Engine/Content/Functions/Engine_MaterialFunctions01/Shading/ConvertFromDiffSpec.uasset" 96
"../../../Engine/Content/Functions/Engine_MaterialFunctions01/Shading/PowerToRoughness.uasset" 97
"../../../Engine/Content/Maps/Templates/Thumbnails/Default.uasset" 98
"../../../Engine/Content/Maps/Templates/Thumbnails/VR-Basic.uasset" 99
"../../../Engine/Content/MobileResources/T_MobileControls_texture.uasset" 100
"../../../Engine/Content/MobileResources/T_MobileMenu2.uasset" 101
"../../../Engine/Content/MobileResources/HUD/AnalogHat.uasset" 102
"../../../Engine/Content/MobileResources/HUD/VirtualJoystick_Background.uasset" 103
"../../../Engine/Content/MobileResources/HUD/VirtualJoystick_Thumb.uasset" 104
"../../../Engine/Content/MobileResources/HUD/DefaultVirtualJoysticks.uasset" 105
"../../../Engine/Content/MobileResources/HUD/LeftVirtualJoystickOnly.uasset" 106
"../../../Engine/Content/MobileResources/HUD/MobileHUDButton1_off.uasset" 107
"../../../Engine/Content/MobileResources/HUD/MobileHUDButton1_on.uasset" 108
"../../../Engine/Content/MobileResources/HUD/MobileHUDButton2_off.uasset" 109
"../../../Engine/Content/MobileResources/HUD/MobileHUDButton2_on.uasset" 110
"../../../Engine/Content/MobileResources/HUD/MobileHUDButton3.uasset" 111
"../../../Engine/Content/MobileResources/HUD/MobileHUDButtonFire.uasset" 112
"../../../Engine/Content/MobileResources/HUD/MobileHUDDirectionPad.uasset" 113
"../../../Engine/Content/MobileResources/HUD/MobileHUDDirectionPad2.uasset" 114
"../../../Engine/Content/MobileResources/HUD/MobileHUDDirectionPad3.uasset" 115
"../../../Engine/Content/MobileResources/HUD/MobileHUDDirectionStick.uasset" 116
"../../../Engine/Content/MobileResources/HUD/T_Castle_ThumbstickInner.uasset" 117
"../../../Engine/Content/MobileResources/HUD/T_Castle_ThumbstickOutter.uasset" 118
"../../../Engine/Content/Tutorial/ContentIntroCurve.uasset" 119
"../../../Engine/Content/Tutorial/Basics/TutorialAssets/icon_tab_Levels_40x.uasset" 120
"../../../Engine/Content/Tutorial/BlueprintTutorials/TutorialAssets/BlueprintInterface_64x.uasset" 121
"../../../Engine/Content/Tutorial/BlueprintTutorials/TutorialAssets/BlueprintMacroLibrary_64x.uasset" 122
"../../../Engine/Content/Tutorial/BlueprintTutorials/TutorialAssets/Blueprint_64x.uasset" 123
"../../../Engine/Content/Tutorial/BlueprintTutorials/TutorialAssets/Tutorial_BP_Interface.uasset" 124
"../../../Engine/Content/Tutorial/Foliage/TutorialAssets/Foliage.uasset" 125
"../../../Engine/Content/Tutorial/Landscape/TutorialAssets/Landscape.uasset" 126
"../../../Engine/Content/Tutorial/Paper2D/TutorialAssets/Paper2DFlipbook_TutorialIcon.uasset" 127
"../../../Engine/Content/Tutorial/Paper2D/TutorialAssets/Paper2DSprite_TutorialIcon.uasset" 128
"../../../Engine/Content/Tutorial/SubEditors/TutorialAssets/icon_Editor_Preferences_General_40x.uasset" 129
"../../../Engine/Content/Tutorial/SubEditors/TutorialAssets/icon_ShowSkeletalMeshes_40x.uasset" 130
"../../../Engine/Content/Tutorial/SubEditors/TutorialAssets/TutorialMaterial.uasset" 131
"../../../Engine/Content/Tutorial/SubEditors/TutorialAssets/T_SmokeSubUV_8X8.uasset" 132
"../../../Engine/Content/Tutorial/SubEditors/TutorialAssets/T_soft_smoke.uasset" 133
"../../../Engine/Content/Tutorial/SubEditors/TutorialAssets/M_smoke_subUV_blackbody.uasset" 134
"../../../Engine/Content/Tutorial/SubEditors/TutorialAssets/TutorialParticleSystem.uasset" 135
"../../../Engine/Content/EditorMeshes/EditorCube.uasset" 136
"../../../Engine/Content/Tutorial/SubEditors/TutorialAssets/Tutorial_DM.uasset" 137
"../../../Engine/Content/VREditor/Devices/Generic/GenericHMDMaterial.uasset" 138
"../../../Engine/Content/VREditor/Devices/Generic/GenericHMD.uasset" 139
"../../../Engine/Content/VREditor/FloatingText/LineMaterial.uasset" 140
"../../../Engine/Content/VREditor/FloatingText/JointSphere.uasset" 141
"../../../Engine/Content/VREditor/FloatingText/LineSegmentCylinder.uasset" 142
"../../../Engine/Content/VREditor/Fonts/VRText_RobotoLarge.uasset" 143
"../../../Engine/Content/VREditor/Fonts/VRTextMaterial.uasset" 144
"../../../Engine/Content/VREditor/Fonts/TranslucentVRTextMaterial.uasset" 145
"../../../Engine/Content/VREditor/LaserPointer/VR_LaserPower_01.uasset" 146
"../../../Engine/Content/VREditor/LaserPointer/LaserPointerMaterial.uasset" 147
"../../../Engine/Content/VREditor/LaserPointer/LaserPointerMaterialInst.uasset" 148
"../../../Engine/Content/VREditor/LaserPointer/TranslucentLaserPointerMaterialInst.uasset" 149
"../../../Engine/Content/VREditor/LaserPointer/LaserPointerMesh.uasset" 150
"../../../Engine/Content/VREditor/Sounds/VR_grab_Cue.uasset" 151
"../../../Engine/Content/VREditor/Sounds/VR_teleport_Cue.uasset" 152
"../../../Engine/Content/VREditor/TransformGizmo/TransformGizmoMaterial.uasset" 153
"../../../Engine/Content/VREditor/TransformGizmo/TranslucentTransformGizmoMaterial.uasset" 154
"../../../Engine/Content/VREditor/TransformGizmo/BoundingBoxCorner.uasset" 155
"../../../Engine/Content/VREditor/TransformGizmo/BoundingBoxEdge.uasset" 156
"../../../Engine/Content/VREditor/TransformGizmo/PlaneTranslationHandle.uasset" 157
"../../../Engine/Content/VREditor/TransformGizmo/RotationHandle.uasset" 158
"../../../Engine/Content/VREditor/TransformGizmo/RotationHandleFull.uasset" 159
"../../../Engine/Content/VREditor/TransformGizmo/StretchingHandle.uasset" 160
"../../../Engine/Content/VREditor/TransformGizmo/TranslateHandleLong.uasset" 161
"../../../Engine/Content/VREditor/TransformGizmo/TranslationHandle.uasset" 162
"../../../Engine/Content/VREditor/TransformGizmo/UniformScaleHandle.uasset" 163
"../../../Engine/Content/VREditor/UI/CloseButtonMesh.uasset" 164
"../../../Engine/Content/VREditor/UI/SelectionBarMesh.uasset" 165
"../../../Engine/Content/Functions/Engine_MaterialFunctions01/Gradient/RadialGradient.uasset" 166
"../../../Engine/Content/VREditor/WorldMovementGrid/SimpleGrid.uasset" 167
"../../../Engine/Content/VREditor/WorldMovementGrid/GridMaterial.uasset" 168
"../../../Engine/Content/Functions/Engine_MaterialFunctions01/Density/ExponentialDensity.uasset" 169
"../../../Engine/Content/VREditor/WorldMovementGrid/GridPostProcess.uasset" 170
"../../../Engine/Content/EditorLandscapeResources/FlattenHeightMat.uasset" 171
"../../../Engine/Content/VREditor/WorldMovementGrid/PlaneMesh.uasset" 172
"../../../OpenBlox/Content/Blueprints/DefaultGameMode.uasset" 173
"../../../OpenBlox/Content/Character/Template.uasset" 174
"../../../OpenBlox/Content/StarterContent/Materials/M_Basic_Wall.uasset" 175
"../../../OpenBlox/Content/StarterContent/Architecture/Pillar_50x500.uasset" 176
"../../../OpenBlox/Content/StarterContent/Architecture/Wall_400x300.uasset" 177
"../../../OpenBlox/Content/StarterContent/Architecture/Wall_400x400.uasset" 178
"../../../OpenBlox/Content/StarterContent/Architecture/Wall_500x500.uasset" 179
"../../../OpenBlox/Content/StarterContent/Architecture/Wall_Door_400x400.uasset" 180
"../../../OpenBlox/Content/StarterContent/Architecture/Wall_Window_400x400.uasset" 181
"../../../OpenBlox/Content/StarterContent/Audio/Light01_Cue.uasset" 182
"../../../OpenBlox/Content/StarterContent/Audio/Light02_Cue.uasset" 183
"../../../OpenBlox/Content/StarterContent/Audio/Explosion_Cue.uasset" 184
"../../../OpenBlox/Content/StarterContent/Textures/T_Burst_M.uasset" 185
"../../../OpenBlox/Content/StarterContent/Particles/Materials/M_Burst.uasset" 186
"../../../OpenBlox/Content/StarterContent/Textures/T_Explosion_SubUV.uasset" 187
"../../../OpenBlox/Content/StarterContent/Particles/Materials/M_explosion_subUV.uasset" 188
"../../../OpenBlox/Content/StarterContent/Particles/Materials/m_flare_01.uasset" 189
"../../../OpenBlox/Content/StarterContent/Particles/Materials/M_radial_ramp.uasset" 190
"../../../OpenBlox/Content/StarterContent/Textures/T_Smoke_SubUV.uasset" 191
"../../../OpenBlox/Content/StarterContent/Textures/T_Smoke_Tiled_D.uasset" 192
"../../../OpenBlox/Content/StarterContent/Particles/Materials/M_smoke_subUV.uasset" 193
"../../../OpenBlox/Content/StarterContent/Particles/P_Explosion.uasset" 194
"../../../OpenBlox/Content/StarterContent/Blueprints/Blueprint_Effect_Explosion.uasset" 195
"../../../Engine/Content/EditorMeshes/ColorCalibrator/T_ColorGrid.uasset" 196
"../../../OpenBlox/Content/StarterContent/Materials/M_ColorGrid_LowSpec.uasset" 197
"../../../OpenBlox/Content/StarterContent/Textures/T_Bush_D.uasset" 198
"../../../OpenBlox/Content/StarterContent/Textures/T_Bush_N.uasset" 199
"../../../OpenBlox/Content/StarterContent/Props/Materials/M_Bush.uasset" 200
"../../../OpenBlox/Content/StarterContent/Props/SM_Bush.uasset" 201
"../../../OpenBlox/Content/StarterContent/Textures/T_Chair_M.uasset" 202
"../../../OpenBlox/Content/StarterContent/Textures/T_Chair_N.uasset" 203
"../../../OpenBlox/Content/StarterContent/Props/Materials/M_Chair.uasset" 204
"../../../OpenBlox/Content/StarterContent/Props/SM_Couch.uasset" 205
"../../../OpenBlox/Content/StarterContent/Materials/M_Glass.uasset" 206
"../../../OpenBlox/Content/StarterContent/Textures/T_Door_M.uasset" 207
"../../../OpenBlox/Content/StarterContent/Textures/T_Door_N.uasset" 208
"../../../OpenBlox/Content/StarterContent/Props/Materials/M_Door.uasset" 209
"../../../OpenBlox/Content/StarterContent/Props/SM_Door.uasset" 210
"../../../OpenBlox/Content/StarterContent/Props/Materials/M_MaterialSphere.uasset" 211
"../../../OpenBlox/Content/StarterContent/Props/Materials/M_MaterialSphere_Plain.uasset" 212
"../../../OpenBlox/Content/StarterContent/Props/SM_MatPreviewMesh_02.uasset" 213
"../../../Engine/Content/Functions/Engine_MaterialFunctions02/Utility/BlendAngleCorrectedNormals.uasset" 214
"../../../OpenBlox/Content/StarterContent/Textures/T_Detail_Rocky_N.uasset" 215
"../../../OpenBlox/Content/StarterContent/Textures/T_Rock_Basalt_D.uasset" 216
"../../../OpenBlox/Content/StarterContent/Textures/T_RockMesh_M.uasset" 217
"../../../OpenBlox/Content/StarterContent/Textures/T_RockMesh_N.uasset" 218
"../../../OpenBlox/Content/StarterContent/Props/Materials/M_Rock.uasset" 219
"../../../OpenBlox/Content/StarterContent/Props/SM_Rock.uasset" 220
"../../../OpenBlox/Content/StarterContent/Textures/T_Shelf_M.uasset" 221
"../../../OpenBlox/Content/StarterContent/Textures/T_Shelf_N.uasset" 222
"../../../OpenBlox/Content/StarterContent/Props/Materials/M_Shelf.uasset" 223
"../../../OpenBlox/Content/StarterContent/Props/SM_Shelf.uasset" 224
"../../../OpenBlox/Content/StarterContent/Materials/M_Basic_Floor.uasset" 225
"../../../OpenBlox/Content/StarterContent/Props/SM_Stairs.uasset" 226
"../../../OpenBlox/Content/StarterContent/Shapes/Shape_Cone.uasset" 227
"../../../OpenBlox/Content/StarterContent/Shapes/Shape_Cylinder.uasset" 228
"../../../OpenBlox/Content/StarterContent/Shapes/Shape_NarrowCapsule.uasset" 229
"../../../OpenBlox/Content/StarterContent/Shapes/Shape_Pipe.uasset" 230
"../../../OpenBlox/Content/StarterContent/Shapes/Shape_Pipe_180.uasset" 231
"../../../OpenBlox/Content/StarterContent/Shapes/Shape_Pipe_90.uasset" 232
"../../../OpenBlox/Content/StarterContent/Shapes/Shape_Plane.uasset" 233
"../../../OpenBlox/Content/StarterContent/Shapes/Shape_Torus.uasset" 234
"../../../OpenBlox/Content/StarterContent/Shapes/Shape_Trim.uasset" 235
"../../../OpenBlox/Content/StarterContent/Shapes/Shape_Trim_90_In.uasset" 236
"../../../OpenBlox/Content/StarterContent/Shapes/Shape_Trim_90_Out.uasset" 237
"../../../OpenBlox/Content/StarterContent/Shapes/Shape_TriPyramid.uasset" 238
"../../../OpenBlox/Content/StarterContent/Shapes/Shape_Tube.uasset" 239
"../../../OpenBlox/Content/StarterContent/Shapes/Shape_Wedge_A.uasset" 240
"../../../OpenBlox/Content/StarterContent/Shapes/Shape_Wedge_B.uasset" 241
"../../../OpenBlox/Content/StarterContent/Shapes/Shape_WideCapsule.uasset" 242
"../../../Engine/Plugins/2D/Paper2D/Content/DummySprite.uasset" 243
"../../../Engine/Plugins/2D/Paper2D/Content/DefaultPaperTerrainMaterial.uasset" 244
"../../../Engine/Plugins/2D/Paper2D/Content/DefaultSpriteMaterial.uasset" 245
"../../../Engine/Plugins/2D/Paper2D/Content/MaskedUnlitSpriteMaterial.uasset" 246
"../../../Engine/Plugins/2D/Paper2D/Content/OpaqueUnlitSpriteMaterial.uasset" 247
"../../../Engine/Plugins/2D/Paper2D/Content/PlaceholderTextures/DummySpriteTexture.uasset" 248
"../../../OpenBlox/Content/StarterContent/Blueprints/Assets/FogBrightnessLUT.uasset" 249
"../../../OpenBlox/Content/StarterContent/Blueprints/Assets/SunlightColorLUT.uasset" 250
"../../../OpenBlox/Content/StarterContent/Blueprints/Assets/M_LightStage_Arrows.uasset" 251
"../../../Engine/Content/MapTemplates/Sky/DaylightAmbientCubemap.uasset" 252
"../../../OpenBlox/Content/StarterContent/Blueprints/Assets/M_LightStage_Skybox_Master.uasset" 253
"../../../OpenBlox/Content/StarterContent/Blueprints/Assets/M_LightStage_Skybox_Black.uasset" 254
"../../../OpenBlox/Content/StarterContent/Blueprints/Assets/M_LightStage_Skybox_HDRI.uasset" 255
"../../../Engine/Content/EditorMaterials/Thumbnails/SkySphereMaterial.uasset" 256
"../../../OpenBlox/Content/StarterContent/Blueprints/Assets/Skybox.uasset" 257
"../../../OpenBlox/Content/StarterContent/Blueprints/Assets/SM_Arrows.uasset" 258
"../../../OpenBlox/Content/StarterContent/HDRI/HDRI_Epic_Courtyard_Daylight.uasset" 259
"../../../OpenBlox/Content/StarterContent/Blueprints/BP_LightStudio.uasset" 260
"../../../OpenBlox/Content/StarterContent/Maps/Advanced_Lighting_BuiltData.uasset" 261
"../../../OpenBlox/Content/StarterContent/Materials/M_AssetPlatform.uasset" 262
"../../../Engine/Content/EditorMeshes/ColorCalibrator/M_ChromeBall.uasset" 263
"../../../Engine/Content/EditorMeshes/ColorCalibrator/M_ClearCoat.uasset" 264
"../../../Engine/Content/EditorMeshes/ColorCalibrator/M_ClearCoatBlack.uasset" 265
"../../../Engine/Content/EditorMeshes/ColorCalibrator/M_ColorGrid.uasset" 266
"../../../Engine/Content/EditorMeshes/ColorCalibrator/M_GreyBall.uasset" 267
"../../../Engine/Content/EditorMeshes/ColorCalibrator/SM_ColorCalibrator.uasset" 268
"../../../OpenBlox/Content/StarterContent/Architecture/SM_AssetPlatform.uasset" 269
"../../../OpenBlox/Content/StarterContent/Maps/Advanced_Lighting.umap" 270
"../../../Engine/Content/EditorBlueprintResources/StandardMacros.uasset" 271
"../../../Engine/Content/EngineSky/C_Sky_Cloud_Color.uasset" 272
"../../../Engine/Content/EngineSky/C_Sky_Horizon_Color.uasset" 273
"../../../Engine/Content/EngineSky/C_Sky_Zenith_Color.uasset" 274
"../../../Engine/Content/EngineSky/T_Sky_Blue.uasset" 275
"../../../Engine/Content/EngineSky/T_Sky_Clouds_M.uasset" 276
"../../../Engine/Content/EngineSky/T_Sky_Stars.uasset" 277
"../../../Engine/Content/EngineSky/M_Sky_Panning_Clouds2.uasset" 278
"../../../Engine/Content/EngineSky/SM_SkySphere.uasset" 279
"../../../Engine/Content/EngineSky/BP_Sky_Sphere.uasset" 280
"../../../OpenBlox/Content/StarterContent/Maps/Minimal_Default_BuiltData.uasset" 281
"../../../OpenBlox/Content/StarterContent/Textures/T_MacroVariation.uasset" 282
"../../../OpenBlox/Content/StarterContent/Materials/M_Metal_Brushed_Nickel.uasset" 283
"../../../OpenBlox/Content/StarterContent/Textures/T_Metal_Aluminum_D.uasset" 284
"../../../OpenBlox/Content/StarterContent/Textures/T_Metal_Gold_N.uasset" 285
"../../../OpenBlox/Content/StarterContent/Materials/M_Metal_Burnished_Steel.uasset" 286
"../../../OpenBlox/Content/StarterContent/Textures/T_Metal_Copper_D.uasset" 287
"../../../OpenBlox/Content/StarterContent/Materials/M_Metal_Copper.uasset" 288
"../../../OpenBlox/Content/StarterContent/Textures/T_Statue_M.uasset" 289
"../../../OpenBlox/Content/StarterContent/Textures/T_Statue_N.uasset" 290
"../../../OpenBlox/Content/StarterContent/Props/Materials/M_StatueGlass.uasset" 291
"../../../OpenBlox/Content/StarterContent/Architecture/Floor_400x400.uasset" 292
"../../../OpenBlox/Content/StarterContent/Audio/Starter_Background_Cue.uasset" 293
"../../../OpenBlox/Content/StarterContent/Props/SM_Chair.uasset" 294
"../../../OpenBlox/Content/StarterContent/Props/Materials/M_Statue.uasset" 295
"../../../OpenBlox/Content/StarterContent/Props/SM_Statue.uasset" 296
"../../../OpenBlox/Content/StarterContent/Textures/T_TableRound_M.uasset" 297
"../../../OpenBlox/Content/StarterContent/Textures/T_TableRound_N.uasset" 298
"../../../OpenBlox/Content/StarterContent/Props/Materials/M_TableRound.uasset" 299
"../../../OpenBlox/Content/StarterContent/Props/SM_TableRound.uasset" 300
"../../../OpenBlox/Content/StarterContent/Maps/Minimal_Default.umap" 301
"../../../OpenBlox/Content/StarterContent/Audio/Fire01_Cue.uasset" 302
"../../../OpenBlox/Content/StarterContent/Textures/T_Fire_SubUV.uasset" 303
"../../../OpenBlox/Content/StarterContent/Textures/T_Fire_Tiled_D.uasset" 304
"../../../OpenBlox/Content/StarterContent/Particles/Materials/M_Fire_SubUV.uasset" 305
"../../../OpenBlox/Content/StarterContent/Textures/T_Water_N.uasset" 306
"../../../OpenBlox/Content/StarterContent/Particles/Materials/M_Heat_Distortion.uasset" 307
"../../../OpenBlox/Content/StarterContent/Particles/Materials/M_Radial_Gradient.uasset" 308
"../../../OpenBlox/Content/StarterContent/Particles/P_Fire.uasset" 309
"../../../OpenBlox/Content/StarterContent/Blueprints/Blueprint_Effect_Fire.uasset" 310
"../../../OpenBlox/Content/StarterContent/Audio/Smoke01_Cue.uasset" 311
"../../../OpenBlox/Content/StarterContent/Particles/P_Smoke.uasset" 312
"../../../OpenBlox/Content/StarterContent/Blueprints/Blueprint_Effect_Smoke.uasset" 313
"../../../OpenBlox/Content/StarterContent/Audio/Fire_Sparks01_Cue.uasset" 314
"../../../OpenBlox/Content/StarterContent/Textures/T_Spark_Core.uasset" 315
"../../../OpenBlox/Content/StarterContent/Particles/Materials/M_Spark.uasset" 316
"../../../OpenBlox/Content/StarterContent/Particles/P_Sparks.uasset" 317
"../../../OpenBlox/Content/StarterContent/Blueprints/Blueprint_Effect_Sparks.uasset" 318
"../../../OpenBlox/Content/StarterContent/Audio/Steam01_Cue.uasset" 319
"../../../OpenBlox/Content/StarterContent/Particles/P_Steam_Lit.uasset" 320
"../../../OpenBlox/Content/StarterContent/Blueprints/Blueprint_Effect_Steam.uasset" 321
"../../../OpenBlox/Content/StarterContent/Textures/T_Lamp_M.uasset" 322
"../../../OpenBlox/Content/StarterContent/Textures/T_Lamp_N.uasset" 323
"../../../OpenBlox/Content/StarterContent/Props/Materials/M_Lamp.uasset" 324
"../../../OpenBlox/Content/StarterContent/Props/SM_Lamp_Ceiling.uasset" 325
"../../../OpenBlox/Content/StarterContent/Blueprints/Blueprint_CeilingLight.uasset" 326
"../../../OpenBlox/Content/StarterContent/Props/SM_Lamp_Wall.uasset" 327
"../../../OpenBlox/Content/StarterContent/Blueprints/Blueprint_WallSconce.uasset" 328
"../../../OpenBlox/Content/StarterContent/Maps/StarterMap_BuiltData.uasset" 329
"../../../Engine/Content/Functions/Engine_MaterialFunctions03/Procedurals/ComputeFilterWidth.uasset" 330
"../../../Engine/Content/EngineMaterials/AntiAliasedTextMaterialTranslucent.uasset" 331
"../../../OpenBlox/Content/StarterContent/Textures/T_Brick_Clay_Beveled_D.uasset" 332
"../../../OpenBlox/Content/StarterContent/Textures/T_Brick_Clay_Beveled_M.uasset" 333
"../../../OpenBlox/Content/StarterContent/Textures/T_Brick_Clay_Beveled_N.uasset" 334
"../../../OpenBlox/Content/StarterContent/Materials/M_Brick_Clay_Beveled.uasset" 335
"../../../OpenBlox/Content/StarterContent/Textures/T_Brick_Clay_New_D.uasset" 336
"../../../OpenBlox/Content/StarterContent/Textures/T_Brick_Clay_New_M.uasset" 337
"../../../OpenBlox/Content/StarterContent/Textures/T_Brick_Clay_New_N.uasset" 338
"../../../OpenBlox/Content/StarterContent/Materials/M_Brick_Clay_New.uasset" 339
"../../../OpenBlox/Content/StarterContent/Textures/T_Brick_Clay_Old_D.uasset" 340
"../../../OpenBlox/Content/StarterContent/Textures/T_Brick_Clay_Old_N.uasset" 341
"../../../OpenBlox/Content/StarterContent/Textures/T_Perlin_Noise_M.uasset" 342
"../../../OpenBlox/Content/StarterContent/Materials/M_Brick_Clay_Old.uasset" 343
"../../../OpenBlox/Content/StarterContent/Textures/T_Brick_Cut_Stone_D.uasset" 344
"../../../OpenBlox/Content/StarterContent/Textures/T_Brick_Cut_Stone_N.uasset" 345
"../../../OpenBlox/Content/StarterContent/Materials/M_Brick_Cut_Stone.uasset" 346
"../../../OpenBlox/Content/StarterContent/Textures/T_Brick_Hewn_Stone_D.uasset" 347
"../../../OpenBlox/Content/StarterContent/Textures/T_Brick_Hewn_Stone_M.uasset" 348
"../../../OpenBlox/Content/StarterContent/Textures/T_Brick_Hewn_Stone_N.uasset" 349
"../../../OpenBlox/Content/StarterContent/Materials/M_Brick_Hewn_Stone.uasset" 350
"../../../OpenBlox/Content/StarterContent/Textures/T_Ceramic_Tile_M.uasset" 351
"../../../OpenBlox/Content/StarterContent/Textures/T_Ceramic_Tile_N.uasset" 352
"../../../OpenBlox/Content/StarterContent/Textures/T_Rock_Marble_Polished_D.uasset" 353
"../../../OpenBlox/Content/StarterContent/Materials/M_Ceramic_Tile_Checker.uasset" 354
"../../../OpenBlox/Content/StarterContent/Textures/T_CobbleStone_Pebble_D.uasset" 355
"../../../OpenBlox/Content/StarterContent/Textures/T_CobbleStone_Pebble_M.uasset" 356
"../../../OpenBlox/Content/StarterContent/Textures/T_CobbleStone_Pebble_N.uasset" 357
"../../../OpenBlox/Content/StarterContent/Materials/M_CobbleStone_Pebble.uasset" 358
"../../../OpenBlox/Content/StarterContent/Textures/T_CobbleStone_Rough_D.uasset" 359
"../../../OpenBlox/Content/StarterContent/Textures/T_CobbleStone_Rough_N.uasset" 360
"../../../OpenBlox/Content/StarterContent/Textures/T_Gradinet_01.uasset" 361
"../../../OpenBlox/Content/StarterContent/Textures/T_Rock_Smooth_Granite_D.uasset" 362
"../../../OpenBlox/Content/StarterContent/Materials/M_CobbleStone_Rough.uasset" 363
"../../../OpenBlox/Content/StarterContent/Textures/T_CobbleStone_Smooth_D.uasset" 364
"../../../OpenBlox/Content/StarterContent/Textures/T_CobbleStone_Smooth_M.uasset" 365
"../../../OpenBlox/Content/StarterContent/Textures/T_CobbleStone_Smooth_N.uasset" 366
"../../../OpenBlox/Content/StarterContent/Materials/M_CobbleStone_Smooth.uasset" 367
"../../../OpenBlox/Content/StarterContent/Textures/T_Concrete_Grime_D.uasset" 368
"../../../OpenBlox/Content/StarterContent/Textures/T_Metal_Rust_N.uasset" 369
"../../../OpenBlox/Content/StarterContent/Materials/M_Concrete_Grime.uasset" 370
"../../../OpenBlox/Content/StarterContent/Textures/T_Concrete_Panels_D.uasset" 371
"../../../OpenBlox/Content/StarterContent/Textures/T_Concrete_Panels_N.uasset" 372
"../../../OpenBlox/Content/StarterContent/Materials/M_Concrete_Panels.uasset" 373
"../../../OpenBlox/Content/StarterContent/Textures/T_Concrete_Poured_D.uasset" 374
"../../../OpenBlox/Content/StarterContent/Textures/T_Concrete_Poured_N.uasset" 375
"../../../OpenBlox/Content/StarterContent/Materials/M_Concrete_Poured.uasset" 376
"../../../OpenBlox/Content/StarterContent/Textures/T_Concrete_Tiles_D.uasset" 377
"../../../OpenBlox/Content/StarterContent/Textures/T_Concrete_Tiles_M.uasset" 378
"../../../OpenBlox/Content/StarterContent/Textures/T_Concrete_Tiles_N.uasset" 379
"../../../OpenBlox/Content/StarterContent/Textures/T_Concrete_Tiles_Variation_M.uasset" 380
"../../../OpenBlox/Content/StarterContent/Materials/M_Concrete_Tiles.uasset" 381
"../../../OpenBlox/Content/Blueprints/GrassPhysicsMaterial.uasset" 382
"../../../OpenBlox/Content/StarterContent/Textures/T_Ground_Grass_D.uasset" 383
"../../../OpenBlox/Content/StarterContent/Textures/T_Ground_Grass_N.uasset" 384
"../../../OpenBlox/Content/StarterContent/Materials/M_Ground_Grass.uasset" 385
"../../../OpenBlox/Content/StarterContent/Textures/T_Ground_Gravel_D.uasset" 386
"../../../OpenBlox/Content/StarterContent/Textures/T_Ground_Gravel_N.uasset" 387
"../../../OpenBlox/Content/StarterContent/Materials/M_Ground_Gravel.uasset" 388
"../../../OpenBlox/Content/StarterContent/Textures/T_ground_Moss_D.uasset" 389
"../../../OpenBlox/Content/StarterContent/Textures/T_Ground_Moss_N.uasset" 390
"../../../OpenBlox/Content/StarterContent/Materials/M_Ground_Moss.uasset" 391
"../../../OpenBlox/Content/StarterContent/Materials/M_Metal_Chrome.uasset" 392
"../../../OpenBlox/Content/StarterContent/Textures/T_Metal_Gold_D.uasset" 393
"../../../OpenBlox/Content/StarterContent/Materials/M_Metal_Gold.uasset" 394
"../../../OpenBlox/Content/StarterContent/Textures/T_Metal_Rust_D.uasset" 395
"../../../OpenBlox/Content/StarterContent/Materials/M_Metal_Rust.uasset" 396
"../../../OpenBlox/Content/StarterContent/Textures/T_Metal_Steel_D.uasset" 397
"../../../OpenBlox/Content/StarterContent/Textures/T_Metal_Steel_N.uasset" 398
"../../../OpenBlox/Content/StarterContent/Materials/M_Metal_Steel.uasset" 399
"../../../OpenBlox/Content/StarterContent/Textures/T_Rock_Basalt_N.uasset" 400
"../../../OpenBlox/Content/StarterContent/Materials/M_Rock_Basalt.uasset" 401
"../../../OpenBlox/Content/StarterContent/Materials/M_Rock_Marble_Polished.uasset" 402
"../../../OpenBlox/Content/StarterContent/Textures/T_Rock_Sandstone_D.uasset" 403
"../../../OpenBlox/Content/StarterContent/Textures/T_Rock_Sandstone_N.uasset" 404
"../../../OpenBlox/Content/StarterContent/Materials/M_Rock_Sandstone.uasset" 405
"../../../OpenBlox/Content/StarterContent/Textures/T_Rock_Slate_D.uasset" 406
"../../../OpenBlox/Content/StarterContent/Textures/T_Rock_Slate_N.uasset" 407
"../../../OpenBlox/Content/StarterContent/Materials/M_Rock_Slate.uasset" 408
"../../../OpenBlox/Content/StarterContent/Textures/T_Checker_Noise_M.uasset" 409
"../../../OpenBlox/Content/StarterContent/Textures/T_Single_Tile_N.uasset" 410
"../../../OpenBlox/Content/StarterContent/Textures/T_Tech_Dot_M.uasset" 411
"../../../OpenBlox/Content/StarterContent/Textures/T_Tech_Dot_N.uasset" 412
"../../../OpenBlox/Content/StarterContent/Materials/M_Tech_Checker_Dot.uasset" 413
"../../../OpenBlox/Content/StarterContent/Textures/T_Tech_Hex_Tile_M.uasset" 414
"../../../OpenBlox/Content/StarterContent/Textures/T_Tech_Hex_Tile_N.uasset" 415
"../../../OpenBlox/Content/StarterContent/Materials/M_Tech_Hex_Tile.uasset" 416
"../../../OpenBlox/Content/StarterContent/Materials/M_Tech_Hex_Tile_Pulse.uasset" 417
"../../../OpenBlox/Content/StarterContent/Textures/T_Tech_Panel_M.uasset" 418
"../../../OpenBlox/Content/StarterContent/Textures/T_Tech_Panel_N.uasset" 419
"../../../OpenBlox/Content/StarterContent/Materials/M_Tech_Panel.uasset" 420
"../../../OpenBlox/Content/StarterContent/Materials/M_Water_Lake.uasset" 421
"../../../OpenBlox/Content/StarterContent/Textures/T_Water_M.uasset" 422
"../../../OpenBlox/Content/StarterContent/Materials/M_Water_Ocean.uasset" 423
"../../../OpenBlox/Content/Blueprints/WoodPhysicsMaterial.uasset" 424
"../../../OpenBlox/Content/StarterContent/Textures/T_Wood_Floor_Walnut_D.uasset" 425
"../../../OpenBlox/Content/StarterContent/Textures/T_Wood_Floor_Walnut_M.uasset" 426
"../../../OpenBlox/Content/StarterContent/Textures/T_Wood_Floor_Walnut_N.uasset" 427
"../../../OpenBlox/Content/StarterContent/Materials/M_Wood_Floor_Walnut_Polished.uasset" 428
"../../../Engine/Content/Functions/Engine_MaterialFunctions01/Opacity/AlphaOffset.uasset" 429
"../../../OpenBlox/Content/StarterContent/Materials/M_Wood_Floor_Walnut_Worn.uasset" 430
"../../../OpenBlox/Content/StarterContent/Textures/T_Wood_Oak_D.uasset" 431
"../../../OpenBlox/Content/StarterContent/Textures/T_Wood_Oak_N.uasset" 432
"../../../OpenBlox/Content/StarterContent/Materials/M_Wood_Oak.uasset" 433
"../../../OpenBlox/Content/StarterContent/Textures/T_Wood_Pine_D.uasset" 434
"../../../OpenBlox/Content/StarterContent/Textures/T_Wood_Pine_N.uasset" 435
"../../../OpenBlox/Content/StarterContent/Materials/M_Wood_Pine.uasset" 436
"../../../OpenBlox/Content/StarterContent/Textures/T_Wood_Walnut_D.uasset" 437
"../../../OpenBlox/Content/StarterContent/Textures/T_Wood_Walnut_N.uasset" 438
"../../../OpenBlox/Content/StarterContent/Materials/M_Wood_Walnut.uasset" 439
"../../../OpenBlox/Content/StarterContent/Architecture/Wall_400x200.uasset" 440
"../../../OpenBlox/Content/StarterContent/Architecture/Wall_Door_400x300.uasset" 441
"../../../OpenBlox/Content/StarterContent/Architecture/Wall_Window_400x300.uasset" 442
"../../../OpenBlox/Content/StarterContent/Audio/Collapse_Cue.uasset" 443
"../../../OpenBlox/Content/StarterContent/Audio/Starter_Music_Cue.uasset" 444
"../../../OpenBlox/Content/StarterContent/Textures/T_Dust_Particle_D.uasset" 445
"../../../OpenBlox/Content/StarterContent/Particles/Materials/M_Dust_Particle.uasset" 446
"../../../OpenBlox/Content/StarterContent/Particles/P_Ambient_Dust.uasset" 447
"../../../OpenBlox/Content/StarterContent/Props/MaterialSphere.uasset" 448
"../../../OpenBlox/Content/StarterContent/Textures/T_Frame_M.uasset" 449
"../../../OpenBlox/Content/StarterContent/Textures/T_Frame_N.uasset" 450
"../../../OpenBlox/Content/StarterContent/Props/Materials/M_Frame.uasset" 451
"../../../OpenBlox/Content/StarterContent/Props/SM_CornerFrame.uasset" 452
"../../../OpenBlox/Content/StarterContent/Props/SM_DoorFrame.uasset" 453
"../../../OpenBlox/Content/StarterContent/Props/SM_GlassWindow.uasset" 454
"../../../OpenBlox/Content/StarterContent/Props/SM_PillarFrame.uasset" 455
"../../../OpenBlox/Content/StarterContent/Props/SM_PillarFrame300.uasset" 456
"../../../OpenBlox/Content/StarterContent/Props/SM_WindowFrame.uasset" 457
"../../../OpenBlox/Content/StarterContent/Shapes/Shape_Cube.uasset" 458
"../../../OpenBlox/Content/StarterContent/Shapes/Shape_QuadPyramid.uasset" 459
"../../../OpenBlox/Content/StarterContent/Shapes/Shape_Sphere.uasset" 460
"../../../OpenBlox/Content/StarterContent/Maps/StarterMap.umap" 461
"../../../Engine/Content/EditorBlueprintResources/ActorMacros.uasset" 462
"../../../Engine/Content/BasicShapes/BasicShapeMaterial.uasset" 463
"../../../Engine/Content/BasicShapes/Cube.uasset" 464
"../../../OpenBlox/Content/Blueprints/ReplicatedCube.uasset" 465
"../../../OpenBlox/Content/Worlds/TestWorld_BuiltData.uasset" 466
"../../../Engine/Content/BasicShapes/Cone.uasset" 467
"../../../OpenBlox/Content/Worlds/TestWorld.umap" 468
"../../../Engine/Content/BasicShapes/Sphere.uasset" 469
"../../../OpenBlox/Content/Worlds/TestWorld2.umap" 470
"../../../OpenBlox/Content/Worlds/TestWorld3_BuiltData.uasset" 471
"../../../OpenBlox/Content/Worlds/TestWorld3.umap" 472
"../../../OpenBlox/Content/Character/OpenBlox_Character_Skeleton.uasset" 473
"../../../OpenBlox/Content/Character/FallingAnim.uasset" 474
"../../../OpenBlox/Content/Character/IdleAnim.uasset" 475
"../../../OpenBlox/Content/Character/LandAnim.uasset" 476
"../../../OpenBlox/Content/Character/WalkAnim.uasset" 477
"../../../OpenBlox/Content/Character/PlayerIdleWalk.uasset" 478
"../../../OpenBlox/Content/Character/Sounds/GrassFootstepCue.uasset" 479
"../../../OpenBlox/Content/Character/Sounds/StoneFootstepCue.uasset" 480
"../../../OpenBlox/Content/Character/Sounds/WoodFootstepCue.uasset" 481
"../../../OpenBlox/Content/Character/PlayerAnimationBlueprint.uasset" 482
"../../../OpenBlox/Content/Character/2434-normal.uasset" 483
"../../../OpenBlox/Content/Character/WhiteTShirtWithJeans.uasset" 484
"../../../OpenBlox/Content/Character/Material.uasset" 485
"../../../OpenBlox/Content/Character/OpenBlox_Character_PhysicsAsset.uasset" 486
"../../../OpenBlox/Content/Character/OpenBlox_Character.uasset" 487
"../../../OpenBlox/Content/Character/PlayerCharacter.uasset" 488
"../../../OpenBlox/Content/Blueprints/Item.uasset" 489
"../../../OpenBlox/Content/Blueprints/TestItem.uasset" 490
"../../../OpenBlox/Content/Worlds/TestWorld4.umap" 491
"../../../Engine/Content/Maps/Entry.umap" 492
